<?xml version="1.0" encoding="UTF-8"?>
<!-- Generated by org.testng.reporters.JUnitXMLReporter -->
<testsuite ignored="2" hostname="DESKTOP-I4C1LKE" failures="0" tests="1" name="Test" time="37.155" errors="0" timestamp="2024-11-22T13:31:53 IST">
  <testcase classname="testCases.LoginTests" name="TC01RegisterUser" time="24.61"/>
  <testcase classname="testCases.TC02LoginWithCorrectUserAndPassword" name="loginWithCorrectUserAndPassword" time="0.0">
    <ignored/>
  </testcase> <!-- loginWithCorrectUserAndPassword -->
  <testcase classname="testCases.TC03LoginPositiveNegative" name="loginWithCorrectUserAndPassword" time="0.0">
    <ignored/>
  </testcase> <!-- loginWithCorrectUserAndPassword -->
</testsuite> <!-- Test -->
